<?xml version="1.0" encoding="UTF-8"?>
<!-- Generated by org.testng.reporters.JUnitReportReporter -->
<testsuite hostname="DESKTOP-4N0MFTB" failures="0" tests="1" name="com.testscripts.AddToCart" time="14.857" errors="0" timestamp="2020-06-26T15:01:32 IST" skipped="0">
  <testcase classname="com.testscripts.AddToCart" name="addToCartTest" time="14.857"/>
  <system-out>
Searched for Rayban SunGlasses Clicked on first product of search result Switched to new tab Product has been added to cart  </system-out>
</testsuite> <!-- com.testscripts.AddToCart -->
